0 info it worked if it ends with ok
1 verbose cli [ 'D:\\nodejs\\\\node.exe',
1 verbose cli   'D:\\nodejs\\node_modules\\npm\\bin\\npm-cli.js',
1 verbose cli   'install' ]
2 info using npm@1.4.28
3 info using node@v0.10.32
4 verbose node symlink D:\nodejs\\node.exe
5 warn package.json huggies@1.0.0 No repository field.
6 verbose readDependencies using package.json deps
7 verbose install where, deps [ 'E:\\WC\\huggies',
7 verbose install   [ 'grunt',
7 verbose install     'grunt-contrib-concat',
7 verbose install     'grunt-contrib-copy',
7 verbose install     'grunt-contrib-requirejs',
7 verbose install     'grunt-contrib-uglify',
7 verbose install     'grunt-replace',
7 verbose install     'grunt-sftp-deploy',
7 verbose install     'grunt-ssh' ] ]
8 info preinstall huggies@1.0.0
9 verbose readDependencies using package.json deps
10 verbose already installed skipping grunt@~0.4.2 E:\WC\huggies
11 verbose cache add [ 'grunt-contrib-concat@~', null ]
12 verbose cache add name=undefined spec="grunt-contrib-concat@~" args=["grunt-contrib-concat@~",null]
13 verbose parsed url { protocol: null,
13 verbose parsed url   slashes: null,
13 verbose parsed url   auth: null,
13 verbose parsed url   host: null,
13 verbose parsed url   port: null,
13 verbose parsed url   hostname: null,
13 verbose parsed url   hash: null,
13 verbose parsed url   search: null,
13 verbose parsed url   query: null,
13 verbose parsed url   pathname: 'grunt-contrib-concat@~',
13 verbose parsed url   path: 'grunt-contrib-concat@~',
13 verbose parsed url   href: 'grunt-contrib-concat@~' }
14 verbose already installed skipping grunt-contrib-copy@~0.5.0 E:\WC\huggies
15 verbose already installed skipping grunt-contrib-requirejs@~0.4.3 E:\WC\huggies
16 verbose already installed skipping grunt-contrib-uglify@~0.3.2 E:\WC\huggies
17 verbose already installed skipping grunt-replace@^0.7.8 E:\WC\huggies
18 verbose already installed skipping grunt-sftp-deploy@^0.1.0 E:\WC\huggies
19 verbose already installed skipping grunt-ssh@^0.11.2 E:\WC\huggies
20 verbose cache add name="grunt-contrib-concat" spec="~" args=["grunt-contrib-concat","~"]
21 verbose parsed url { protocol: null,
21 verbose parsed url   slashes: null,
21 verbose parsed url   auth: null,
21 verbose parsed url   host: null,
21 verbose parsed url   port: null,
21 verbose parsed url   hostname: null,
21 verbose parsed url   hash: null,
21 verbose parsed url   search: null,
21 verbose parsed url   query: null,
21 verbose parsed url   pathname: '~',
21 verbose parsed url   path: '~',
21 verbose parsed url   href: '~' }
22 verbose addNamed [ 'grunt-contrib-concat', '~' ]
23 verbose addNamed [ null, null ]
24 silly lockFile f6bb2664-grunt-contrib-concat grunt-contrib-concat@~
25 verbose lock grunt-contrib-concat@~ D:\nodejs\node_cache\f6bb2664-grunt-contrib-concat.lock
26 info addNameTag [ 'grunt-contrib-concat', '~' ]
27 verbose request where is /grunt-contrib-concat
28 verbose request registry https://registry.npmjs.org/
29 verbose request id c0b9202e6d80c49f
30 verbose url raw /grunt-contrib-concat
31 verbose url resolving [ 'https://registry.npmjs.org/', './grunt-contrib-concat' ]
32 verbose url resolved https://registry.npmjs.org/grunt-contrib-concat
33 verbose request where is https://registry.npmjs.org/grunt-contrib-concat
34 info trying registry request attempt 1 at 15:36:49
35 verbose etag "9FLDHDJDXOQHP4IXWCCMTQQXK"
36 http GET https://registry.npmjs.org/grunt-contrib-concat
37 http 200 https://registry.npmjs.org/grunt-contrib-concat
38 silly registry.get cb [ 200,
38 silly registry.get   { date: 'Fri, 31 Oct 2014 07:36:44 GMT',
38 silly registry.get     server: 'CouchDB/1.5.0 (Erlang OTP/R14B04)',
38 silly registry.get     etag: '"CBS5VY6P5VCMD7GHLMSX08NCE"',
38 silly registry.get     'content-type': 'application/json',
38 silly registry.get     'cache-control': 'max-age=60',
38 silly registry.get     'content-length': '27889',
38 silly registry.get     'accept-ranges': 'bytes',
38 silly registry.get     via: '1.1 varnish',
38 silly registry.get     age: '19',
38 silly registry.get     'x-served-by': 'cache-ty67-TYO',
38 silly registry.get     'x-cache': 'HIT',
38 silly registry.get     'x-cache-hits': '6',
38 silly registry.get     'x-timer': 'S1414741004.906246,VS0,VE0',
38 silly registry.get     vary: 'Accept',
38 silly registry.get     'keep-alive': 'timeout=10, max=50',
38 silly registry.get     connection: 'Keep-Alive' } ]
39 silly lockFile f6bb2664-grunt-contrib-concat grunt-contrib-concat@~
40 silly lockFile f6bb2664-grunt-contrib-concat grunt-contrib-concat@~
41 error notarget No compatible version found: grunt-contrib-concat@'~'
41 error notarget Valid install targets:
41 error notarget ["0.1.0","0.1.1","0.1.2","0.1.3","0.2.0","0.3.0","0.4.0","0.5.0","0.1.2-rc5","0.1.2-rc6"]
41 error notarget
41 error notarget This is most likely not a problem with npm itself.
41 error notarget In most cases you or one of your dependencies are requesting
41 error notarget a package version that doesn't exist.
42 error System Windows_NT 6.1.7601
43 error command "D:\\nodejs\\\\node.exe" "D:\\nodejs\\node_modules\\npm\\bin\\npm-cli.js" "install"
44 error cwd E:\WC\huggies
45 error node -v v0.10.32
46 error npm -v 1.4.28
47 error code ETARGET
48 verbose exit [ 1, true ]
